<?xml version="1.0" encoding="UTF-8"?>
<!-- Generated by org.testng.reporters.JUnitXMLReporter -->
<testsuite hostname="Admins-MBP.Dlink" name="Free CRM App Test Cases" tests="3" failures="1" timestamp="19 Nov 2018 08:31:43 GMT" time="15.708" errors="0">
  <testcase name="loginPageTitleTest" time="0.016" classname="com.qa.PageTests.LoginPageTest"/>
  <testcase name="crmLogoImageTest" time="0.098" classname="com.qa.PageTests.LoginPageTest"/>
  <testcase name="verifyHomePageTitleTest" time="0.048" classname="com.qa.PageTests.HomePageTest">
    <failure type="java.lang.AssertionError" message="Home page title not matched expected [CRMPRO] but found [#1 Free CRM software in the cloud for sales and service]">
      <![CDATA[java.lang.AssertionError: Home page title not matched expected [CRMPRO] but found [#1 Free CRM software in the cloud for sales and service]
	at com.qa.PageTests.HomePageTest.verifyHomePageTitleTest(HomePageTest.java:63)
... Removed 29 stack frames]]>
    </failure>
  </testcase> <!-- verifyHomePageTitleTest -->
</testsuite> <!-- Free CRM App Test Cases -->
